./revoke_certs.sh 
=====================================================
   Certificate Revocation Script
=====================================================
Available certificates:
  1. client_1.crt
  2. client_2.crt
  3. server_1.crt

Enter the numbers of certificates to revoke (e.g. 1 3 5): 2
Are you sure you want to revoke the selected certificates? (y/n): y
[*] Revoking client_2.crt...
Using configuration from openssl.cnf
Revoking Certificate 03.
Database updated
[*] Generating new CRL...
Using configuration from openssl.cnf

=====================================================
[✓] Revocation complete!
Updated CRL saved as: keys/crl.pem
=====================================================

[*] Verifying revoked certificates against CRL...
  [✗] client_2.crt is REVOKED (confirmed by CRL)

=====================================================
To inspect CRL manually, run:
  openssl crl -in keys/crl.pem -noout -text
=====================================================



openssl crl -in keys/crl.pem -noout -text


Certificate Revocation List (CRL):
        Version 2 (0x1)
        Signature Algorithm: sha256WithRSAEncryption
        Issuer: C=RO, ST=IF, L=Bucharest, O=UPB, OU=ACS, CN=Antonie_Soga_CA, emailAddress=antonie.soga@stud.acs.pub.ro
        Last Update: Oct 23 16:06:26 2025 GMT
        Next Update: Nov 22 16:06:26 2025 GMT
        CRL extensions:
            X509v3 Authority Key Identifier: 
                keyid:B6:8B:E6:E4:58:6F:9F:FC:03:5C:84:1D:54:BC:E9:21:15:D5:71:09
                DirName:/C=RO/ST=IF/L=Bucharest/O=UPB/OU=ACS/CN=Antonie_Soga_CA/emailAddress=antonie.soga@stud.acs.pub.ro
                serial:52:17:22:58:8D:2B:75:7B:FD:87:F0:12:31:1B:9D:56:C1:51:E3:A5
Revoked Certificates:
    Serial Number: 03
        Revocation Date: Oct 23 16:06:26 2025 GMT
    Signature Algorithm: sha256WithRSAEncryption

